Determining if the pthread_create exist failed with the following output:
Change Dir: /home/luc/Bureau/M1/S2/TER/IncrementallyRegister/CMakeFiles/CMakeTmp

Run Build Command:"/usr/bin/make" "cmTC_7f135/fast"
/usr/bin/make -f CMakeFiles/cmTC_7f135.dir/build.make CMakeFiles/cmTC_7f135.dir/build
make[1] : on entre dans le répertoire « /home/luc/Bureau/M1/S2/TER/IncrementallyRegister/CMakeFiles/CMakeTmp »
Building C object CMakeFiles/cmTC_7f135.dir/CheckSymbolExists.c.o
/usr/bin/cc     -o CMakeFiles/cmTC_7f135.dir/CheckSymbolExists.c.o   -c /home/luc/Bureau/M1/S2/TER/IncrementallyRegister/CMakeFiles/CMakeTmp/CheckSymbolExists.c
Linking C executable cmTC_7f135
/usr/bin/cmake -E cmake_link_script CMakeFiles/cmTC_7f135.dir/link.txt --verbose=1
/usr/bin/cc       CMakeFiles/cmTC_7f135.dir/CheckSymbolExists.c.o  -o cmTC_7f135 -rdynamic 
CMakeFiles/cmTC_7f135.dir/CheckSymbolExists.c.o : Dans la fonction « main » :
CheckSymbolExists.c:(.text+0x16) : référence indéfinie vers « pthread_create »
collect2: error: ld returned 1 exit status
CMakeFiles/cmTC_7f135.dir/build.make:97 : la recette pour la cible « cmTC_7f135 » a échouée
make[1]: *** [cmTC_7f135] Erreur 1
make[1] : on quitte le répertoire « /home/luc/Bureau/M1/S2/TER/IncrementallyRegister/CMakeFiles/CMakeTmp »
Makefile:126 : la recette pour la cible « cmTC_7f135/fast » a échouée
make: *** [cmTC_7f135/fast] Erreur 2

File /home/luc/Bureau/M1/S2/TER/IncrementallyRegister/CMakeFiles/CMakeTmp/CheckSymbolExists.c:
/* */
#include <pthread.h>

int main(int argc, char** argv)
{
  (void)argv;
#ifndef pthread_create
  return ((int*)(&pthread_create))[argc];
#else
  (void)argc;
  return 0;
#endif
}

Determining if the function pthread_create exists in the pthreads failed with the following output:
Change Dir: /home/luc/Bureau/M1/S2/TER/IncrementallyRegister/CMakeFiles/CMakeTmp

Run Build Command:"/usr/bin/make" "cmTC_aedf8/fast"
/usr/bin/make -f CMakeFiles/cmTC_aedf8.dir/build.make CMakeFiles/cmTC_aedf8.dir/build
make[1] : on entre dans le répertoire « /home/luc/Bureau/M1/S2/TER/IncrementallyRegister/CMakeFiles/CMakeTmp »
Building C object CMakeFiles/cmTC_aedf8.dir/CheckFunctionExists.c.o
/usr/bin/cc    -DCHECK_FUNCTION_EXISTS=pthread_create   -o CMakeFiles/cmTC_aedf8.dir/CheckFunctionExists.c.o   -c /usr/share/cmake-3.5/Modules/CheckFunctionExists.c
Linking C executable cmTC_aedf8
/usr/bin/cmake -E cmake_link_script CMakeFiles/cmTC_aedf8.dir/link.txt --verbose=1
/usr/bin/cc   -DCHECK_FUNCTION_EXISTS=pthread_create    CMakeFiles/cmTC_aedf8.dir/CheckFunctionExists.c.o  -o cmTC_aedf8 -rdynamic -lpthreads 
/usr/bin/ld : ne peut trouver -lpthreads
collect2: error: ld returned 1 exit status
CMakeFiles/cmTC_aedf8.dir/build.make:97 : la recette pour la cible « cmTC_aedf8 » a échouée
make[1]: *** [cmTC_aedf8] Erreur 1
make[1] : on quitte le répertoire « /home/luc/Bureau/M1/S2/TER/IncrementallyRegister/CMakeFiles/CMakeTmp »
Makefile:126 : la recette pour la cible « cmTC_aedf8/fast » a échouée
make: *** [cmTC_aedf8/fast] Erreur 2


